#
# A fatal error has been detected by the Java Runtime Environment:
#
#  EXCEPTION_PRIV_INSTRUCTION (0xc0000096) at pc=0x00000000028f56ed, pid=2156, tid=0x00000000000003e0
#
# JRE version: OpenJDK Runtime Environment (8.0_152-b01) (build 1.8.0_152-release-915-b01)
# Java VM: OpenJDK 64-Bit Server VM (25.152-b01 mixed mode windows-amd64 compressed oops)
# Problematic frame:
# j  java.util.HashMap$Values.forEach(Ljava/util/function/Consumer;)V+69
#
# Failed to write core dump. Minidumps are not enabled by default on client versions of Windows
#
# If you would like to submit a bug report, please visit:
#   http://bugreport.java.com/bugreport/crash.jsp
#

---------------  T H R E A D  ---------------

Current thread (0x000000001cc62000):  JavaThread "Task worker for ':'" [_thread_in_Java, id=992, stack(0x0000000025430000,0x0000000025530000)]

siginfo: ExceptionCode=0xc0000096

Registers:
RAX=0x0000000000000000, RBX=0x0000000000000093, RCX=0x0000000000000000, RDX=0x0000000000000000
RSP=0x000000002552cf20, RBP=0x000000002552d018, RSI=0x0000000000000001, RDI=0x00000000e67c3378
R8 =0x0000000000000061, R9 =0x00000000023a7eb0, R10=0x0000000000000061, R11=0x000000002552c6f0
R12=0x0000000000000000, R13=0x0000000015e52a32, R14=0x000000002552d050, R15=0x000000001cc62000
RIP=0x00000000028f56ed, EFLAGS=0x0000000000010206

Top of Stack: (sp=0x000000002552cf20)
0x000000002552cf20:   000000001cc62000 000000002552d050
0x000000002552cf30:   0000000000000093 0000000000000001
0x000000002552cf40:   0000000000000207 0000000050c036b0
0x000000002552cf50:   00000000e67c5410 0000000000000005
0x000000002552cf60:   00000000e67c3378 0000000000000001
0x000000002552cf70:   000000002552d018 000000002552cfa0
0x000000002552cf80:   0000000000000093 0000000000000001
0x000000002552cf90:   00000000028f80e2 0000000000000013
0x000000002552cfa0:   0000000000000002 0000000000000000
0x000000002552cfb0:   0000000000000013 00000000028f80e2
0x000000002552cfc0:   0000000000000013 00000000e67c2428
0x000000002552cfd0:   0000000000000000 000000002552d0c8
0x000000002552cfe0:   0000000015e52aad 000000002552d050
0x000000002552cff0:   0000000015e52b98 0000000000000000
0x000000002552d000:   0000000015e52af0 0000000000000000
0x000000002552d010:   000000002552d048 000000002552d098 

Instructions: (pc=0x00000000028f56ed)
0x00000000028f56cd:   48 b9 60 e1 a0 50 00 00 00 00 48 ba 77 56 8f 02
0x00000000028f56dd:   00 00 00 00 4c 8b c4 48 83 e4 f0 e8 63 cb e1 4d
0x00000000028f56ed:   f4 66 90 00 00 00 00 00 00 00 00 00 00 00 00 00
0x00000000028f56fd:   00 00 00 80 20 00 00 00 00 00 00 48 e1 a0 50 00 


Register to memory mapping:

RAX=0x0000000000000000 is an unknown value
RBX=0x0000000000000093 is an unknown value
RCX=0x0000000000000000 is an unknown value
RDX=0x0000000000000000 is an unknown value
RSP=0x000000002552cf20 is pointing into the stack for thread: 0x000000001cc62000
RBP=0x000000002552d018 is pointing into the stack for thread: 0x000000001cc62000
RSI=0x0000000000000001 is an unknown value
RDI=0x00000000e67c3378 is an oop
java.lang.Object 
 - klass: 'java/lang/Object'
R8 =0x0000000000000061 is an unknown value
R9 =0x00000000023a7eb0 is an unknown value
R10=0x0000000000000061 is an unknown value
R11=0x000000002552c6f0 is pointing into the stack for thread: 0x000000001cc62000
R12=0x0000000000000000 is an unknown value
R13=0x0000000015e52a32 is pointing into metadata
R14=0x000000002552d050 is pointing into the stack for thread: 0x000000001cc62000
R15=0x000000001cc62000 is a thread


Stack: [0x0000000025430000,0x0000000025530000],  sp=0x000000002552cf20,  free space=1011k
Native frames: (J=compiled Java code, j=interpreted, Vv=VM code, C=native code)
C  0x00000000028f56ed


---------------  P R O C E S S  ---------------

Java Threads: ( => current thread )
  0x000000001f3f0000 JavaThread "pool-28-thread-1" [_thread_blocked, id=1696, stack(0x0000000029be0000,0x0000000029ce0000)]
  0x000000001f3f1800 JavaThread "stdout" daemon [_thread_in_native, id=1692, stack(0x0000000029ab0000,0x0000000029bb0000)]
  0x000000001f3f2800 JavaThread "stderr" daemon [_thread_in_native, id=1684, stack(0x0000000029980000,0x0000000029a80000)]
  0x000000001f3eb800 JavaThread "stdout" daemon [_thread_in_native, id=8056, stack(0x00000000280e0000,0x00000000281e0000)]
  0x000000001f3f1000 JavaThread "stderr" daemon [_thread_in_native, id=7280, stack(0x00000000297a0000,0x00000000298a0000)]
  0x000000001f3ed000 JavaThread "stdout" daemon [_thread_in_native, id=7780, stack(0x0000000029230000,0x0000000029330000)]
  0x0000000018d72000 JavaThread "stderr" daemon [_thread_in_native, id=4048, stack(0x0000000027910000,0x0000000027a10000)]
  0x0000000018d6e000 JavaThread "stdout" daemon [_thread_in_native, id=7412, stack(0x0000000027f70000,0x0000000028070000)]
  0x0000000018d71000 JavaThread "stderr" daemon [_thread_in_native, id=5856, stack(0x0000000027160000,0x0000000027260000)]
  0x0000000018d70800 JavaThread "queued-resource-processor_56" daemon [_thread_blocked, id=8068, stack(0x00000000272d0000,0x00000000273d0000)]
  0x0000000018d73800 JavaThread "queued-resource-processor_55" daemon [_thread_blocked, id=1276, stack(0x0000000027060000,0x0000000027160000)]
  0x0000000018d72800 JavaThread "queued-resource-processor_54" daemon [_thread_blocked, id=1772, stack(0x0000000020780000,0x0000000020880000)]
  0x0000000018d6f800 JavaThread "queued-resource-processor_53" daemon [_thread_blocked, id=3108, stack(0x0000000026f50000,0x0000000027050000)]
  0x000000001cc62800 JavaThread "Task worker for ':' Thread 3" [_thread_blocked, id=7696, stack(0x0000000025330000,0x0000000025430000)]
  0x000000001cc69000 JavaThread "Task worker for ':' Thread 2" [_thread_blocked, id=3360, stack(0x0000000025560000,0x0000000025660000)]
=>0x000000001cc62000 JavaThread "Task worker for ':'" [_thread_in_Java, id=992, stack(0x0000000025430000,0x0000000025530000)]
  0x000000001cc67800 JavaThread "Cache worker for task history cache (D:\workSpace\ZlpProject\.gradle\4.1\taskHistory)" [_thread_blocked, id=8016, stack(0x0000000024180000,0x0000000024280000)]
  0x000000001b5f5800 JavaThread "Cache worker for file content cache (D:\workSpace\ZlpProject\.gradle\4.1\fileContent)" [_thread_blocked, id=5904, stack(0x0000000025210000,0x0000000025310000)]
  0x000000001b5f7000 JavaThread "build operations Thread 4" [_thread_blocked, id=8012, stack(0x0000000025060000,0x0000000025160000)]
  0x000000001b5f0800 JavaThread "build operations Thread 3" [_thread_blocked, id=4684, stack(0x0000000023840000,0x0000000023940000)]
  0x000000001b5eb800 JavaThread "build operations Thread 2" [_thread_blocked, id=1552, stack(0x0000000021070000,0x0000000021170000)]
  0x000000001b5e8800 JavaThread "build operations" [_thread_blocked, id=7524, stack(0x0000000020420000,0x0000000020520000)]
  0x000000001b5f6800 JavaThread "Cache worker for Artifact transforms cache (C:\Users\Administrator\.gradle\caches\transforms-1)" [_thread_blocked, id=4432, stack(0x000000001e9d0000,0x000000001ead0000)]
  0x000000001b5ef800 JavaThread "Cache worker for file hash cache (D:\workSpace\ZlpProject\.gradle\4.1\fileHashes)" [_thread_blocked, id=4824, stack(0x000000001ae20000,0x000000001af20000)]
  0x000000001b5ee000 JavaThread "Stdin handler" [_thread_blocked, id=7252, stack(0x000000001aab0000,0x000000001abb0000)]
  0x000000001b5eb000 JavaThread "Asynchronous log dispatcher for DefaultDaemonConnection: socket connection from /127.0.0.1:51902 to /127.0.0.1:53228" [_thread_blocked, id=5628, stack(0x000000001ac50000,0x000000001ad50000)]
  0x000000001b5e9800 JavaThread "Daemon worker Thread 4" [_thread_blocked, id=6580, stack(0x000000001a960000,0x000000001aa60000)]
  0x000000001b5ef000 JavaThread "Cancel handler" [_thread_blocked, id=6280, stack(0x000000001a290000,0x000000001a390000)]
  0x000000001b5ed000 JavaThread "Handler for socket connection from /127.0.0.1:51902 to /127.0.0.1:53228" [_thread_in_native, id=3912, stack(0x000000001a530000,0x000000001a630000)]
  0x000000001b5f4000 JavaThread "Daemon Thread 4" [_thread_blocked, id=4804, stack(0x000000001a410000,0x000000001a510000)]
  0x000000001b5f1000 JavaThread "Memory manager" [_thread_blocked, id=6900, stack(0x0000000020ef0000,0x0000000020ff0000)]
  0x00000000194d2800 JavaThread "File lock request listener" [_thread_in_native, id=6564, stack(0x000000001c370000,0x000000001c470000)]
  0x0000000019803000 JavaThread "Cache worker for file hash cache (C:\Users\Administrator\.gradle\caches\4.1\fileHashes)" [_thread_blocked, id=2928, stack(0x000000001afa0000,0x000000001b0a0000)]
  0x00000000193bc800 JavaThread "Daemon periodic checks" [_thread_blocked, id=7616, stack(0x000000001a160000,0x000000001a260000)]
  0x00000000193bb800 JavaThread "Incoming local TCP Connector on port 51902" [_thread_in_native, id=4420, stack(0x000000001a040000,0x000000001a140000)]
  0x0000000017869000 JavaThread "Service Thread" daemon [_thread_blocked, id=6492, stack(0x00000000182a0000,0x00000000183a0000)]
  0x0000000017866000 JavaThread "C1 CompilerThread2" daemon [_thread_blocked, id=6736, stack(0x00000000181a0000,0x00000000182a0000)]
  0x0000000017815800 JavaThread "C2 CompilerThread1" daemon [_thread_in_native, id=5716, stack(0x0000000017df0000,0x0000000017ef0000)]
  0x00000000177fb000 JavaThread "C2 CompilerThread0" daemon [_thread_in_native, id=7464, stack(0x0000000017ef0000,0x0000000017ff0000)]
  0x00000000177f9000 JavaThread "Attach Listener" daemon [_thread_blocked, id=2076, stack(0x0000000017c20000,0x0000000017d20000)]
  0x00000000164f3000 JavaThread "Signal Dispatcher" daemon [_thread_blocked, id=6604, stack(0x0000000017550000,0x0000000017650000)]
  0x00000000164dd000 JavaThread "Finalizer" daemon [_thread_blocked, id=2632, stack(0x00000000176f0000,0x00000000177f0000)]
  0x0000000016496800 JavaThread "Reference Handler" daemon [_thread_blocked, id=1864, stack(0x0000000017310000,0x0000000017410000)]
  0x000000000250e800 JavaThread "main" [_thread_blocked, id=6224, stack(0x00000000027f0000,0x00000000028f0000)]

Other Threads:
  0x000000001648f000 VMThread [stack: 0x0000000017420000,0x0000000017520000] [id=6176]
  0x000000001786a000 WatcherThread [stack: 0x00000000183c0000,0x00000000184c0000] [id=2148]

VM state:not at safepoint (normal execution)

VM Mutex/Monitor currently owned by a thread: None

Heap:
 PSYoungGen      total 455680K, used 111767K [0x00000000e0000000, 0x0000000100000000, 0x0000000100000000)
  eden space 393216K, 27% used [0x00000000e0000000,0x00000000e68329c8,0x00000000f8000000)
  from space 62464K, 8% used [0x00000000f8000000,0x00000000f84f3610,0x00000000fbd00000)
  to   space 61952K, 0% used [0x00000000fc380000,0x00000000fc380000,0x0000000100000000)
 ParOldGen       total 272384K, used 184619K [0x00000000a0000000, 0x00000000b0a00000, 0x00000000e0000000)
  object space 272384K, 67% used [0x00000000a0000000,0x00000000ab44ac80,0x00000000b0a00000)
 Metaspace       used 100226K, capacity 108774K, committed 108888K, reserved 1142784K
  class space    used 12782K, capacity 14661K, committed 14720K, reserved 1048576K

Card table byte_map: [0x0000000011cb0000,0x0000000011fc0000] byte_map_base: 0x00000000117b0000

Marking Bits: (ParMarkBitMap*) 0x0000000050c13950
 Begin Bits: [0x0000000012800000, 0x0000000014000000)
 End Bits:   [0x0000000014000000, 0x0000000015800000)

Polling page: 0x0000000000130000

CodeCache: size=245760Kb used=68611Kb max_used=68620Kb free=177148Kb
 bounds [0x00000000028f0000, 0x0000000006c50000, 0x00000000118f0000]
 total_blobs=20827 nmethods=19979 adapters=758
 compilation: enabled

Compilation events (10 events):
Event: 3618.923 Thread 0x0000000017866000 25770 %     3       com.android.builder.symbols.SymbolTable::filter @ 78 (153 bytes)
Event: 3618.925 Thread 0x0000000017866000 nmethod 25770% 0x0000000006c37d50 code [0x0000000006c382a0, 0x0000000006c3b978]
Event: 3618.925 Thread 0x0000000017866000 25772       3       com.android.builder.symbols.SymbolTable::filter (153 bytes)
Event: 3618.926 Thread 0x0000000017866000 nmethod 25772 0x0000000006c3d950 code [0x0000000006c3dea0, 0x0000000006c41358]
Event: 3618.927 Thread 0x0000000017866000 25774       3       java.io.PrintWriter::println (5 bytes)
Event: 3618.927 Thread 0x0000000017866000 nmethod 25774 0x0000000006c15590 code [0x0000000006c15700, 0x0000000006c15888]
Event: 3618.927 Thread 0x0000000017866000 25776   !   3       java.io.PrintWriter::newLine (66 bytes)
Event: 3618.927 Thread 0x0000000017866000 nmethod 25776 0x0000000006c16ad0 code [0x0000000006c16ca0, 0x0000000006c17418]
Event: 3618.928 Thread 0x0000000017866000 25777       3       com.google.common.base.CharMatcher$IsEither::matches (22 bytes)
Event: 3618.928 Thread 0x0000000017866000 nmethod 25777 0x0000000006c151d0 code [0x0000000006c15320, 0x0000000006c15510]

GC Heap History (10 events):
Event: 849.322 GC heap before
{Heap before GC invocations=27 (full 4):
 PSYoungGen      total 461312K, used 444632K [0x00000000e0000000, 0x0000000100000000, 0x0000000100000000)
  eden space 405504K, 100% used [0x00000000e0000000,0x00000000f8c00000,0x00000000f8c00000)
  from space 55808K, 70% used [0x00000000fc600000,0x00000000fec36040,0x00000000ffc80000)
  to   space 59392K, 0% used [0x00000000f8c00000,0x00000000f8c00000,0x00000000fc600000)
 ParOldGen       total 272384K, used 179094K [0x00000000a0000000, 0x00000000b0a00000, 0x00000000e0000000)
  object space 272384K, 65% used [0x00000000a0000000,0x00000000aaee5b88,0x00000000b0a00000)
 Metaspace       used 97334K, capacity 105582K, committed 105944K, reserved 1140736K
  class space    used 12447K, capacity 14237K, committed 14336K, reserved 1048576K
Event: 849.361 GC heap after
Heap after GC invocations=27 (full 4):
 PSYoungGen      total 440320K, used 34521K [0x00000000e0000000, 0x0000000100000000, 0x0000000100000000)
  eden space 405504K, 0% used [0x00000000e0000000,0x00000000e0000000,0x00000000f8c00000)
  from space 34816K, 99% used [0x00000000f8c00000,0x00000000fadb6678,0x00000000fae00000)
  to   space 60416K, 0% used [0x00000000fc500000,0x00000000fc500000,0x0000000100000000)
 ParOldGen       total 272384K, used 181302K [0x00000000a0000000, 0x00000000b0a00000, 0x00000000e0000000)
  object space 272384K, 66% used [0x00000000a0000000,0x00000000ab10db98,0x00000000b0a00000)
 Metaspace       used 97334K, capacity 105582K, committed 105944K, reserved 1140736K
  class space    used 12447K, capacity 14237K, committed 14336K, reserved 1048576K
}
Event: 850.542 GC heap before
{Heap before GC invocations=28 (full 4):
 PSYoungGen      total 440320K, used 440025K [0x00000000e0000000, 0x0000000100000000, 0x0000000100000000)
  eden space 405504K, 100% used [0x00000000e0000000,0x00000000f8c00000,0x00000000f8c00000)
  from space 34816K, 99% used [0x00000000f8c00000,0x00000000fadb6678,0x00000000fae00000)
  to   space 60416K, 0% used [0x00000000fc500000,0x00000000fc500000,0x0000000100000000)
 ParOldGen       total 272384K, used 181302K [0x00000000a0000000, 0x00000000b0a00000, 0x00000000e0000000)
  object space 272384K, 66% used [0x00000000a0000000,0x00000000ab10db98,0x00000000b0a00000)
 Metaspace       used 97718K, capacity 105980K, committed 106200K, reserved 1140736K
  class space    used 12491K, capacity 14278K, committed 14336K, reserved 1048576K
Event: 850.581 GC heap after
Heap after GC invocations=28 (full 4):
 PSYoungGen      total 450560K, used 52091K [0x00000000e0000000, 0x0000000100000000, 0x0000000100000000)
  eden space 390144K, 0% used [0x00000000e0000000,0x00000000e0000000,0x00000000f7d00000)
  from space 60416K, 86% used [0x00000000fc500000,0x00000000ff7ded10,0x0000000100000000)
  to   space 67072K, 0% used [0x00000000f7d00000,0x00000000f7d00000,0x00000000fbe80000)
 ParOldGen       total 272384K, used 182926K [0x00000000a0000000, 0x00000000b0a00000, 0x00000000e0000000)
  object space 272384K, 67% used [0x00000000a0000000,0x00000000ab2a3b98,0x00000000b0a00000)
 Metaspace       used 97718K, capacity 105980K, committed 106200K, reserved 1140736K
  class space    used 12491K, capacity 14278K, committed 14336K, reserved 1048576K
}
Event: 851.821 GC heap before
{Heap before GC invocations=29 (full 4):
 PSYoungGen      total 450560K, used 442235K [0x00000000e0000000, 0x0000000100000000, 0x0000000100000000)
  eden space 390144K, 100% used [0x00000000e0000000,0x00000000f7d00000,0x00000000f7d00000)
  from space 60416K, 86% used [0x00000000fc500000,0x00000000ff7ded10,0x0000000100000000)
  to   space 67072K, 0% used [0x00000000f7d00000,0x00000000f7d00000,0x00000000fbe80000)
 ParOldGen       total 272384K, used 182926K [0x00000000a0000000, 0x00000000b0a00000, 0x00000000e0000000)
  object space 272384K, 67% used [0x00000000a0000000,0x00000000ab2a3b98,0x00000000b0a00000)
 Metaspace       used 98280K, capacity 106572K, committed 106840K, reserved 1142784K
  class space    used 12545K, capacity 14348K, committed 14464K, reserved 1048576K
Event: 851.832 GC heap after
Heap after GC invocations=29 (full 4):
 PSYoungGen      total 457216K, used 19399K [0x00000000e0000000, 0x0000000100000000, 0x0000000100000000)
  eden space 390144K, 0% used [0x00000000e0000000,0x00000000e0000000,0x00000000f7d00000)
  from space 67072K, 28% used [0x00000000f7d00000,0x00000000f8ff1cc8,0x00000000fbe80000)
  to   space 64000K, 0% used [0x00000000fc180000,0x00000000fc180000,0x0000000100000000)
 ParOldGen       total 272384K, used 183486K [0x00000000a0000000, 0x00000000b0a00000, 0x00000000e0000000)
  object space 272384K, 67% used [0x00000000a0000000,0x00000000ab32fb98,0x00000000b0a00000)
 Metaspace       used 98280K, capacity 106572K, committed 106840K, reserved 1142784K
  class space    used 12545K, capacity 14348K, committed 14464K, reserved 1048576K
}
Event: 857.117 GC heap before
{Heap before GC invocations=30 (full 4):
 PSYoungGen      total 457216K, used 409005K [0x00000000e0000000, 0x0000000100000000, 0x0000000100000000)
  eden space 390144K, 99% used [0x00000000e0000000,0x00000000f7c798f0,0x00000000f7d00000)
  from space 67072K, 28% used [0x00000000f7d00000,0x00000000f8ff1cc8,0x00000000fbe80000)
  to   space 64000K, 0% used [0x00000000fc180000,0x00000000fc180000,0x0000000100000000)
 ParOldGen       total 272384K, used 183486K [0x00000000a0000000, 0x00000000b0a00000, 0x00000000e0000000)
  object space 272384K, 67% used [0x00000000a0000000,0x00000000ab32fb98,0x00000000b0a00000)
 Metaspace       used 99213K, capacity 107518K, committed 107608K, reserved 1142784K
  class space    used 12647K, capacity 14461K, committed 14464K, reserved 1048576K
Event: 857.125 GC heap after
Heap after GC invocations=30 (full 4):
 PSYoungGen      total 451072K, used 12487K [0x00000000e0000000, 0x00000000ffa00000, 0x0000000100000000)
  eden space 393216K, 0% used [0x00000000e0000000,0x00000000e0000000,0x00000000f8000000)
  from space 57856K, 21% used [0x00000000fc180000,0x00000000fcdb1d30,0x00000000ffa00000)
  to   space 62464K, 0% used [0x00000000f8000000,0x00000000f8000000,0x00000000fbd00000)
 ParOldGen       total 272384K, used 184275K [0x00000000a0000000, 0x00000000b0a00000, 0x00000000e0000000)
  object space 272384K, 67% used [0x00000000a0000000,0x00000000ab3f4c60,0x00000000b0a00000)
 Metaspace       used 99213K, capacity 107518K, committed 107608K, reserved 1142784K
  class space    used 12647K, capacity 14461K, committed 14464K, reserved 1048576K
}
Event: 3616.881 GC heap before
{Heap before GC invocations=31 (full 4):
 PSYoungGen      total 451072K, used 405703K [0x00000000e0000000, 0x00000000ffa00000, 0x0000000100000000)
  eden space 393216K, 100% used [0x00000000e0000000,0x00000000f8000000,0x00000000f8000000)
  from space 57856K, 21% used [0x00000000fc180000,0x00000000fcdb1d30,0x00000000ffa00000)
  to   space 62464K, 0% used [0x00000000f8000000,0x00000000f8000000,0x00000000fbd00000)
 ParOldGen       total 272384K, used 184275K [0x00000000a0000000, 0x00000000b0a00000, 0x00000000e0000000)
  object space 272384K, 67% used [0x00000000a0000000,0x00000000ab3f4c60,0x00000000b0a00000)
 Metaspace       used 100062K, capacity 108570K, committed 108888K, reserved 1142784K
  class space    used 12775K, capacity 14649K, committed 14720K, reserved 1048576K
Event: 3616.898 GC heap after
Heap after GC invocations=31 (full 4):
 PSYoungGen      total 455680K, used 5069K [0x00000000e0000000, 0x0000000100000000, 0x0000000100000000)
  eden space 393216K, 0% used [0x00000000e0000000,0x00000000e0000000,0x00000000f8000000)
  from space 62464K, 8% used [0x00000000f8000000,0x00000000f84f3610,0x00000000fbd00000)
  to   space 61952K, 0% used [0x00000000fc380000,0x00000000fc380000,0x0000000100000000)
 ParOldGen       total 272384K, used 184619K [0x00000000a0000000, 0x00000000b0a00000, 0x00000000e0000000)
  object space 272384K, 67% used [0x00000000a0000000,0x00000000ab44ac80,0x00000000b0a00000)
 Metaspace       used 100062K, capacity 108570K, committed 108888K, reserved 1142784K
  class space    used 12775K, capacity 14649K, committed 14720K, reserved 1048576K
}

Deoptimization events (10 events):
Event: 3617.071 Thread 0x000000001cc69000 Uncommon trap: reason=class_check action=maybe_recompile pc=0x00000000050e2184 method=com.sun.org.apache.xerces.internal.impl.dtd.XMLDTDValidator.handleStartElement(Lcom/sun/org/apache/xerces/internal/xni/QName;Lcom/sun/org/apache/xerces/internal/xni/XMLA
Event: 3617.513 Thread 0x000000001cc62000 Uncommon trap: reason=unstable_if action=reinterpret pc=0x0000000005339094 method=com.sun.org.apache.xerces.internal.impl.XMLEntityScanner.scanQName(Lcom/sun/org/apache/xerces/internal/xni/QName;Lcom/sun/org/apache/xerces/internal/impl/XMLScanner$NameType
Event: 3617.537 Thread 0x000000001cc62000 Uncommon trap: reason=class_check action=maybe_recompile pc=0x00000000054387c0 method=com.sun.org.apache.xerces.internal.dom.NamedNodeMapImpl.getNamedItem(Ljava/lang/String;)Lorg/w3c/dom/Node; @ 28
Event: 3617.537 Thread 0x000000001cc62000 Uncommon trap: reason=class_check action=maybe_recompile pc=0x00000000054387c0 method=com.sun.org.apache.xerces.internal.dom.NamedNodeMapImpl.getNamedItem(Ljava/lang/String;)Lorg/w3c/dom/Node; @ 28
Event: 3617.537 Thread 0x000000001cc62000 Uncommon trap: reason=class_check action=maybe_recompile pc=0x00000000054387c0 method=com.sun.org.apache.xerces.internal.dom.NamedNodeMapImpl.getNamedItem(Ljava/lang/String;)Lorg/w3c/dom/Node; @ 28
Event: 3617.537 Thread 0x000000001cc62000 Uncommon trap: reason=class_check action=maybe_recompile pc=0x00000000054387c0 method=com.sun.org.apache.xerces.internal.dom.NamedNodeMapImpl.getNamedItem(Ljava/lang/String;)Lorg/w3c/dom/Node; @ 28
Event: 3617.704 Thread 0x000000001cc62000 Uncommon trap: reason=null_check action=make_not_entrant pc=0x0000000005e61580 method=com.android.ide.common.res2.NodeUtils.processSingleNodeNamespace(Lorg/w3c/dom/Node;Lorg/w3c/dom/Document;)Z @ 8
Event: 3618.256 Thread 0x000000001cc67800 Uncommon trap: reason=unstable_if action=reinterpret pc=0x00000000067046e8 method=org.gradle.api.internal.changedetection.state.SnapshotMapSerializer.writeSnapshot(Lorg/gradle/internal/serialize/Encoder;Lorg/gradle/api/internal/changedetection/state/Norma
Event: 3618.302 Thread 0x000000001cc62000 Uncommon trap: reason=bimorphic action=maybe_recompile pc=0x00000000030f1038 method=org.gradle.api.internal.changedetection.state.AbstractNormalizedFileSnapshot.compareTo(Lorg/gradle/api/internal/changedetection/state/NormalizedFileSnapshot;)I @ 1
Event: 3618.370 Thread 0x000000001cc62000 Uncommon trap: reason=bimorphic action=maybe_recompile pc=0x00000000052775a8 method=java.util.Collections$UnmodifiableCollection.isEmpty()Z @ 4

Classes redefined (0 events):
No events

Internal exceptions (10 events):
Event: 850.790 Thread 0x000000001cc66800 Implicit null exception at 0x0000000005235c8d to 0x00000000052360f9
Event: 850.791 Thread 0x000000001cc66800 Implicit null exception at 0x000000000315a390 to 0x000000000315a649
Event: 850.941 Thread 0x000000001cc66800 Implicit null exception at 0x0000000006ac2a83 to 0x0000000006ac41a9
Event: 851.543 Thread 0x000000001f3f1000 Implicit null exception at 0x00000000062c3b43 to 0x00000000062c45fd
Event: 857.311 Thread 0x000000001b5ed000 Implicit null exception at 0x0000000003df7ab5 to 0x0000000003df7d9d
Event: 857.358 Thread 0x000000001b5ed000 Exception <a 'sun/nio/fs/WindowsException'> (0x00000000f165af58) thrown at [D:\src\AOSP-openjdk-cygwin\jdk8u\hotspot\src\share\vm\prims\jni.cpp, line 709]
Event: 3616.304 Thread 0x000000001b5e9800 Exception <a 'java/lang/ClassNotFoundException': sync_local_repo14556_93dbl2s87sj14op7n1liaa8b2BeanInfo> (0x00000000f4546ed0) thrown at [D:\src\AOSP-openjdk-cygwin\jdk8u\hotspot\src\share\vm\classfile\systemDictionary.cpp, line 210]
Event: 3616.305 Thread 0x000000001b5e9800 Exception <a 'java/lang/ClassNotFoundException': sync_local_repo14556_93dbl2s87sj14op7n1liaa8b2Customizer> (0x00000000f4551a00) thrown at [D:\src\AOSP-openjdk-cygwin\jdk8u\hotspot\src\share\vm\classfile\systemDictionary.cpp, line 210]
Event: 3616.900 Thread 0x000000001b5e9800 Implicit null exception at 0x0000000003eb8784 to 0x0000000003eb9b65
Event: 3617.704 Thread 0x000000001cc62000 Implicit null exception at 0x0000000005e6069f to 0x0000000005e61574

Events (10 events):
Event: 3618.371 Thread 0x0000000018d70800 Thread added: 0x0000000018d70800
Event: 3618.378 Thread 0x0000000018d71000 Thread added: 0x0000000018d71000
Event: 3618.378 Thread 0x0000000018d6e000 Thread added: 0x0000000018d6e000
Event: 3618.392 Thread 0x0000000018d72000 Thread added: 0x0000000018d72000
Event: 3618.392 Thread 0x000000001f3ed000 Thread added: 0x000000001f3ed000
Event: 3618.414 Thread 0x000000001f3f1000 Thread added: 0x000000001f3f1000
Event: 3618.414 Thread 0x000000001f3eb800 Thread added: 0x000000001f3eb800
Event: 3618.430 Thread 0x000000001f3f2800 Thread added: 0x000000001f3f2800
Event: 3618.431 Thread 0x000000001f3f1800 Thread added: 0x000000001f3f1800
Event: 3618.885 Thread 0x000000001f3f0000 Thread added: 0x000000001f3f0000


Dynamic libraries:
0x000000013f890000 - 0x000000013f8c1000 	C:\Program Files\Android\Android Studio\jre\bin\java.exe
0x0000000077030000 - 0x00000000771da000 	C:\Windows\SYSTEM32\ntdll.dll
0x0000000076e10000 - 0x0000000076f2f000 	C:\Windows\system32\kernel32.dll
0x000007fefcde0000 - 0x000007fefce4a000 	C:\Windows\system32\KERNELBASE.dll
0x000007fefeec0000 - 0x000007fefef9b000 	C:\Windows\system32\ADVAPI32.dll
0x000007fefe5d0000 - 0x000007fefe66f000 	C:\Windows\system32\msvcrt.dll
0x000007fefe240000 - 0x000007fefe25f000 	C:\Windows\SYSTEM32\sechost.dll
0x000007fefed90000 - 0x000007fefeebd000 	C:\Windows\system32\RPCRT4.dll
0x0000000076f30000 - 0x000000007702a000 	C:\Windows\system32\USER32.dll
0x000007fefe3b0000 - 0x000007fefe417000 	C:\Windows\system32\GDI32.dll
0x000007fefd0e0000 - 0x000007fefd0ee000 	C:\Windows\system32\LPK.dll
0x000007fefe2e0000 - 0x000007fefe3aa000 	C:\Windows\system32\USP10.dll
0x000007fefa830000 - 0x000007fefaa24000 	C:\Windows\WinSxS\amd64_microsoft.windows.common-controls_6595b64144ccf1df_6.0.7601.18837_none_fa3b1e3d17594757\COMCTL32.dll
0x000007fefe260000 - 0x000007fefe2d1000 	C:\Windows\system32\SHLWAPI.dll
0x000007fefe420000 - 0x000007fefe44e000 	C:\Windows\system32\IMM32.DLL
0x000007fefd0f0000 - 0x000007fefd1f9000 	C:\Windows\system32\MSCTF.dll
0x000000005f9c0000 - 0x000000005fa92000 	C:\Program Files\Android\Android Studio\jre\jre\bin\msvcr100.dll
0x0000000050450000 - 0x0000000050c8e000 	C:\Program Files\Android\Android Studio\jre\jre\bin\server\jvm.dll
0x000007fefa7d0000 - 0x000007fefa7d9000 	C:\Windows\system32\WSOCK32.dll
0x000007feff2f0000 - 0x000007feff33d000 	C:\Windows\system32\WS2_32.dll
0x000007fefed80000 - 0x000007fefed88000 	C:\Windows\system32\NSI.dll
0x000007fefb4e0000 - 0x000007fefb51b000 	C:\Windows\system32\WINMM.dll
0x000007fefc9d0000 - 0x000007fefc9dc000 	C:\Windows\system32\VERSION.dll
0x00000000771f0000 - 0x00000000771f7000 	C:\Windows\system32\PSAPI.DLL
0x000007fef9d10000 - 0x000007fef9d1f000 	C:\Program Files\Android\Android Studio\jre\jre\bin\verify.dll
0x000007fef4b30000 - 0x000007fef4b59000 	C:\Program Files\Android\Android Studio\jre\jre\bin\java.dll
0x000007fef6f80000 - 0x000007fef6f96000 	C:\Program Files\Android\Android Studio\jre\jre\bin\zip.dll
0x000007fefd280000 - 0x000007fefe009000 	C:\Windows\system32\SHELL32.dll
0x000007fefe850000 - 0x000007fefea4c000 	C:\Windows\system32\ole32.dll
0x000007fefcd30000 - 0x000007fefcd3f000 	C:\Windows\system32\profapi.dll
0x000007fef4bd0000 - 0x000007fef4bea000 	C:\Program Files\Android\Android Studio\jre\jre\bin\net.dll
0x000007fefc1b0000 - 0x000007fefc205000 	C:\Windows\system32\mswsock.dll
0x000007fefc1a0000 - 0x000007fefc1a7000 	C:\Windows\System32\wship6.dll
0x000007fef4b10000 - 0x000007fef4b21000 	C:\Program Files\Android\Android Studio\jre\jre\bin\nio.dll
0x000007feee7d0000 - 0x000007feee7ee000 	C:\Users\Administrator\.gradle\native\25\windows-amd64\native-platform.dll
0x000007fef9a90000 - 0x000007fef9a9d000 	C:\Program Files\Android\Android Studio\jre\jre\bin\management.dll
0x000007fefc210000 - 0x000007fefc228000 	C:\Windows\system32\CRYPTSP.dll
0x000007fefbf10000 - 0x000007fefbf57000 	C:\Windows\system32\rsaenh.dll
0x000007fefcda0000 - 0x000007fefcdbe000 	C:\Windows\system32\USERENV.dll
0x000007fefcbc0000 - 0x000007fefcbcf000 	C:\Windows\system32\CRYPTBASE.dll
0x000007fef9670000 - 0x000007fef9697000 	C:\Windows\system32\IPHLPAPI.DLL
0x000007fef9660000 - 0x000007fef966b000 	C:\Windows\system32\WINNSI.DLL
0x000007fef93d0000 - 0x000007fef93e8000 	C:\Windows\system32\dhcpcsvc.DLL
0x000007fef93b0000 - 0x000007fef93c1000 	C:\Windows\system32\dhcpcsvc6.DLL
0x000007fefcb60000 - 0x000007fefcbb7000 	C:\Windows\system32\apphelp.dll
0x000007fef4800000 - 0x000007fef4925000 	C:\Windows\system32\dbghelp.dll

VM Arguments:
jvm_args: -Xmx1536m -Dfile.encoding=GBK -Duser.country=CN -Duser.language=zh -Duser.variant 
java_command: org.gradle.launcher.daemon.bootstrap.GradleDaemon 4.1
java_class_path (initial): C:\Users\Administrator\.gradle\wrapper\dists\gradle-4.1-all\bzyivzo6n839fup2jbap0tjew\gradle-4.1\lib\gradle-launcher-4.1.jar
Launcher Type: SUN_STANDARD

Environment Variables:
JAVA_HOME=C:\Program Files\Java\jdk1.8.0_102
CLASSPATH=.;C:\Program Files\Java\jdk1.8.0_102\lib;C:\Program Files\Java\jdk1.8.0_102\lib\tools.jar
PATH=C:\ProgramData\Oracle\Java\javapath;C:\Windows\system32;C:\Windows;C:\Windows\System32\Wbem;C:\Windows\System32\WindowsPowerShell\v1.0\;C:\Program Files (x86)\NVIDIA Corporation\PhysX\Common;C:\Program Files\Java\jdk1.8.0_102\bin;C:\Program Files\Java\jdk1.8.0_102\jre\bin;D:\Program Files\Git\cmd
USERNAME=Administrator
OS=Windows_NT
PROCESSOR_IDENTIFIER=Intel64 Family 6 Model 60 Stepping 3, GenuineIntel



---------------  S Y S T E M  ---------------

OS: Windows 7 , 64 bit Build 7601 (6.1.7601.23714)

CPU:total 4 (initial active 4) (4 cores per cpu, 1 threads per core) family 6 model 60 stepping 3, cmov, cx8, fxsr, mmx, sse, sse2, sse3, ssse3, sse4.1, sse4.2, popcnt, avx, avx2, aes, clmul, erms, lzcnt, tsc, tscinvbit, bmi1, bmi2

Memory: 4k page, physical 8286484k(3331384k free), swap 16571108k(11359248k free)

vm_info: OpenJDK 64-Bit Server VM (25.152-b01) for windows-amd64 JRE (1.8.0_152-release-915-b01), built by "builder" with MS VC++ 10.0 (VS2010)

time: Fri Mar 16 15:40:20 2018
elapsed time: 3618 seconds (0d 1h 0m 18s)

